make all --print-data-base --no-builtin-variables --no-builtin-rules --question
# GNU Make 3.81
# Copyright (C) 2006  Free Software Foundation, Inc.
# This is free software; see the source for copying conditions.
# There is NO warranty; not even for MERCHANTABILITY or FITNESS FOR A
# PARTICULAR PURPOSE.

# This program built for i386-apple-darwin11.3.0

# Make data base, printed on Mon Jan  9 21:13:35 2023

# Variables

# automatic
<D = $(patsubst %/,%,$(dir $<))
# automatic
?F = $(notdir $?)
# environment
ELECTRON_NO_ATTACH_CONSOLE = 1
# makefile (from `Makefile', line 27)
OBJ := obj/bitfield.o obj/button.o obj/buttonManager.o obj/buttonSubscriber.o obj/common.o obj/dataManager.o obj/lcdScreen.o obj/main.o obj/pidProcessor.o obj/pwmController.o obj/thermocoupleReceiver.o
# makefile (from `Makefile', line 26)
SRC :=  src/bitfield.cpp src/button.cpp src/buttonManager.cpp src/buttonSubscriber.cpp src/common.cpp src/dataManager.cpp src/lcdScreen.cpp src/main.cpp src/pidProcessor.cpp src/pwmController.cpp src/thermocoupleReceiver.cpp
# makefile (from `Makefile', line 22)
TARGET := bin/tempctrl 
# automatic
?D = $(patsubst %/,%,$(dir $?))
# environment
PLATFORMIO_IDE = 2.5.5
# automatic
@D = $(patsubst %/,%,$(dir $@))
# automatic
@F = $(notdir $@)
# makefile
CURDIR := /Users/mreff555/src/TempCtrl
# makefile
SHELL = /bin/sh
# environment
VSCODE_NLS_CONFIG = {"locale":"en-us","availableLanguages":{},"_languagePackSupport":true}
# environment
_ = /usr/bin/make
# makefile (from `Makefile', line 1)
MAKEFILE_LIST :=  Makefile
# environment
__CFBundleIdentifier = com.microsoft.VSCode
# environment
VSCODE_CWD = /Users/mreff555/src/TempCtrl
# environment
NO_PROXY = 127.0.0.1
# makefile (from `Makefile', line 14)
SRC_PATH := src
# environment
LaunchInstanceID = EF794072-11E6-4C12-9600-B313D550F19D
# makefile (from `Makefile', line 12)
BIN_PATH := bin
# environment
ELECTRON_RUN_AS_NODE = 1
# default
.FEATURES := target-specific order-only second-expansion else-if archives jobserver check-symlink
# makefile (from `Makefile', line 9)
CCOBJFLAGS := -Wno-psabi -lwiringPi -lpthread -c
# environment
SSH_AUTH_SOCK = /private/tmp/com.apple.launchd.d4zQVkvdg9/Listeners
# automatic
%F = $(notdir $%)
# environment
DISPLAY = /private/tmp/com.apple.launchd.FCVFEdr8cm/org.xquartz:0
# environment
PWD = /Users/mreff555/src/TempCtrl
# environment
ORIGINAL_XDG_CURRENT_DESKTOP = undefined
# makefile (from `Makefile', line 33)
CLEAN_LIST := bin/tempctrl  debug/tempctrl  obj/bitfield.o obj/button.o obj/buttonManager.o obj/buttonSubscriber.o obj/common.o obj/dataManager.o obj/lcdScreen.o obj/main.o obj/pidProcessor.o obj/pwmController.o obj/thermocoupleReceiver.o debug/bitfield.o debug/button.o debug/buttonManager.o debug/buttonSubscriber.o debug/common.o debug/dataManager.o debug/lcdScreen.o debug/main.o debug/pidProcessor.o debug/pwmController.o debug/thermocoupleReceiver.o
# environment
VSCODE_AMD_ENTRYPOINT = vs/workbench/api/node/extensionHostProcess
# environment
HOME = /Users/mreff555
# default
MAKEFILEPATH := /Applications/Xcode.app/Contents/Developer/Makefiles
# environment
VSCODE_CLI = 1
# environment
VSCODE_CODE_CACHE_PATH = /Users/mreff555/Library/Application Support/Code/CachedData/e8a3071ea4344d9d48ef8a4df2c097372b0c5161
# environment
LOGNAME = mreff555
# environment
APPLICATION_INSIGHTS_NO_DIAGNOSTIC_CHANNEL = true
# environment
VSCODE_HANDLES_UNCAUGHT_ERRORS = true
# automatic
^D = $(patsubst %/,%,$(dir $^))
# environment
PLATFORMIO_PATH = /Users/mreff555/.platformio/python3/bin:/usr/local/bin:/System/Cryptexes/App/usr/bin:/usr/bin:/bin:/usr/sbin:/sbin:/Applications/VMware Fusion.app/Contents/Public:/Library/TeX/texbin:/opt/X11/bin:/Library/Apple/usr/bin:/Applications/Wireshark.app/Contents/MacOS
# default
MAKE = $(MAKE_COMMAND)
# default
MAKECMDGOALS := all
# environment
PATH = /usr/local/bin:/System/Cryptexes/App/usr/bin:/usr/bin:/bin:/usr/sbin:/sbin:/Applications/VMware Fusion.app/Contents/Public:/Library/TeX/texbin:/opt/X11/bin:/Library/Apple/usr/bin:/Applications/Wireshark.app/Contents/MacOS
# environment
SHLVL = 3
# environment
XPC_FLAGS = 0x0
# makefile (from `Makefile', line 6)
CC := g++
# makefile (from `Makefile', line 18)
TARGET_NAME := tempctrl 
# makefile (from `Makefile', line 23)
TARGET_DEBUG := debug/tempctrl 
# default
MAKE_VERSION := 3.81
# environment
USER = mreff555
# makefile
.DEFAULT_GOAL := default
# makefile (from `Makefile', line 7)
CCFLAGS := -Wno-psabi -lwiringPi -lpthread
# environment
TERM_SESSION_ID = E145591D-CF31-49AF-A8E1-605095C99A62
# makefile (from `Makefile', line 13)
OBJ_PATH := obj
# automatic
%D = $(patsubst %/,%,$(dir $%))
# default
MAKE_COMMAND := /Applications/Xcode.app/Contents/Developer/usr/bin/make
# environment
TERM_PROGRAM = Apple_Terminal
# default
.VARIABLES := 
# environment
TMPDIR = /var/folders/sh/g_44cq854lsb9r49w2616kh40000gn/T/
# automatic
*F = $(notdir $*)
# environment
VSCODE_IPC_HOOK = /Users/mreff555/Library/Application Support/Code/1.74.2-main.sock
# environment
MallocNanoZone = 0
# makefile
MAKEFLAGS = Rrqp
# environment
MFLAGS = -Rrqp
# automatic
*D = $(patsubst %/,%,$(dir $*))
# environment
TERM_PROGRAM_VERSION = 447
# environment
XPC_SERVICE_NAME = application.com.microsoft.VSCode.42619027.42619033.284AA0D8-58E2-4E7F-859D-F24BDB061D91
# automatic
+D = $(patsubst %/,%,$(dir $+))
# automatic
+F = $(notdir $+)
# environment
__CF_USER_TEXT_ENCODING = 0x1F5:0x0:0x0
# environment
COMMAND_MODE = unix2003
# default
MAKEFILES := 
# automatic
<F = $(notdir $<)
# environment
PLATFORMIO_CALLER = vscode
# makefile (from `Makefile', line 15)
DBG_PATH := debug
# environment
LC_ALL = C
# makefile (from `Makefile', line 8)
DBGFLAGS := -g
# environment
SECURITYSESSIONID = 186a3
# automatic
^F = $(notdir $^)
# default
SUFFIXES := 
# default
.INCLUDE_DIRS = /usr/local/include
# environment
MAKELEVEL := 0
# makefile (from `Makefile', line 28)
OBJ_DEBUG := debug/bitfield.o debug/button.o debug/buttonManager.o debug/buttonSubscriber.o debug/common.o debug/dataManager.o debug/lcdScreen.o debug/main.o debug/pidProcessor.o debug/pwmController.o debug/thermocoupleReceiver.o
# environment
LANG = C
# environment
TERM = xterm-256color
# environment
VSCODE_PID = 490
# makefile (from `Makefile', line 31)
DISTCLEAN_LIST := obj/bitfield.o obj/button.o obj/buttonManager.o obj/buttonSubscriber.o obj/common.o obj/dataManager.o obj/lcdScreen.o obj/main.o obj/pidProcessor.o obj/pwmController.o obj/thermocoupleReceiver.o debug/bitfield.o debug/button.o debug/buttonManager.o debug/buttonSubscriber.o debug/common.o debug/dataManager.o debug/lcdScreen.o debug/main.o debug/pidProcessor.o debug/pwmController.o debug/thermocoupleReceiver.o
# variable set hash-table stats:
# Load=87/1024=8%, Rehash=0, Collisions=6/141=4%

# Pattern-specific Variable Values

# No pattern-specific variable values.

# Directories

# . (device 16777225, inode 43970546): 9 files, no impossibilities.
# src (device 16777225, inode 43970622): 26 files, no impossibilities.

# 35 files, no impossibilities in 2 directories.

# Implicit Rules

obj/%.o: src/%.c*
#  commands to execute (from `Makefile', line 45):
	$(CC) $(CCOBJFLAGS) -o $@ $<
	

debug/%.o: src/%.c*
#  commands to execute (from `Makefile', line 48):
	$(CC) $(CCOBJFLAGS) $(DBGFLAGS) -o $@ $<
	

# 2 implicit rules, 0 (0.0%) terminal.

# Files

# Not a target:
debug/main.o:
#  Implicit rule search has not been done.
#  Modification time never checked.
#  File has not been updated.

# Not a target:
debug/buttonSubscriber.o:
#  Implicit rule search has not been done.
#  Modification time never checked.
#  File has not been updated.

# Not a target:
src/bitfield.cpp:
#  Implicit rule search has been done.
#  Last modified 2023-01-09 21:08:11
#  File has been updated.
#  Successfully updated.
# variable set hash-table stats:
# Load=0/32=0%, Rehash=0, Collisions=0/0=0%

# Not a target:
debug/dataManager.o:
#  Implicit rule search has not been done.
#  Modification time never checked.
#  File has not been updated.

all: bin/tempctrl
#  Phony target (prerequisite of .PHONY).
#  Command-line target.
#  Implicit rule search has not been done.
#  File does not exist.
#  File has been updated.
#  Needs to be updated (-q is set).
# variable set hash-table stats:
 
# Load=0/32=0%, Rehash=0, Collisions=0/4=0%

.PHONY: makedir all debug clean distclean
#  Implicit rule search has not been done.
#  Modification time never checked.
#  File has not been updated.

# Not a target:
debug/pwmController.o:
#  Implicit rule search has not been done.
#  Modification time never checked.
#  File has not been updated.

# Not a target:
debug/button.o:
#  Implicit rule search has not been done.
#  Modification time never checked.
#  File has not been updated.

distclean:
#  Phony target (prerequisite of .PHONY).
#  Implicit rule search has not been done.
#  File does not exist.
#  File has not been updated.
#  commands to execute (from `Makefile', line 71):
	@echo CLEAN $(CLEAN_LIST)
	@rm -f $(DISTCLEAN_LIST)
	

# Not a target:
debug/lcdScreen.o:
#  Implicit rule search has not been done.
#  Modification time never checked.
#  File has not been updated.

# Not a target:
obj/main.o:
#  Implicit rule search has not been done.
#  Modification time never checked.
#  File has not been updated.

# Not a target:
obj/buttonSubscriber.o:
#  Implicit rule search has not been done.
#  Modification time never checked.
#  File has not been updated.

# Not a target:
.SUFFIXES:
#  Implicit rule search has not been done.
#  Modification time never checked.
#  File has not been updated.

# Not a target:
Makefile:
#  Implicit rule search has been done.
#  Last modified 2023-01-09 21:08:11
#  File has been updated.
#  Successfully updated.
# variable set hash-table stats:
# Load=0/32=0%, Rehash=0, Collisions=0/0=0%

# Not a target:
debug/buttonManager.o:
#  Implicit rule search has not been done.
#  Modification time never checked.
#  File has not been updated.

debug: debug/tempctrl
#  Phony target (prerequisite of .PHONY).
#  Implicit rule search has not been done.
#  File does not exist.
#  File has not been updated.

# Not a target:
obj/dataManager.o:
#  Implicit rule search has not been done.
#  Modification time never checked.
#  File has not been updated.

# Not a target:
debug/bitfield.o:
#  Implicit rule search has not been done.
#  Modification time never checked.
#  File has not been updated.

# Not a target:
obj/pwmController.o:
#  Implicit rule search has not been done.
#  Modification time never checked.
#  File has not been updated.

# Not a target:
obj/button.o:
#  Implicit rule search has not been done.
#  Modification time never checked.
#  File has not been updated.

bin/tempctrl: obj/bitfield.o obj/button.o obj/buttonManager.o obj/buttonSubscriber.o obj/common.o obj/dataManager.o obj/lcdScreen.o obj/main.o obj/pidProcessor.o obj/pwmController.o obj/thermocoupleReceiver.o
#  Implicit rule search has not been done.
#  File does not exist.
#  File has been updated.
#  Needs to be updated (-q is set).
# variable set hash-table stats:
# Load=0/32=0%, Rehash=0, Collisions=0/4=0%
#  commands to execute (from `Makefile', line 42):
	$(CC) $(CCFLAGS) -o $@ $(OBJ)
	

# Not a target:
obj/lcdScreen.o:
#  Implicit rule search has not been done.
#  Modification time never checked.
#  File has not been updated.

default: makedir all
#  Implicit rule search has not been done.
#  Modification time never checked.
#  File has not been updated.

# Not a target:
debug/pidProcessor.o:
#  Implicit rule search has not been done.
#  Modification time never checked.
#  File has not been updated.

# Not a target:
debug/thermocoupleReceiver.o:
#  Implicit rule search has not been done.
#  Modification time never checked.
#  File has not been updated.

# Not a target:
obj/buttonManager.o:
#  Implicit rule search has not been done.
#  Modification time never checked.
#  File has not been updated.

obj/bitfield.o: src/bitfield.cpp
#  Implicit rule search has been done.
#  Implicit/static pattern stem: `bitfield'
#  File does not exist.
#  File has been updated.
#  Needs to be updated (-q is set).
# automatic
# @ := obj/bitfield.o
# automatic
# % := 
# automatic
# * := bitfield
# automatic
# + := src/bitfield.cpp
# automatic
# | := 
# automatic
# < := src/bitfield.cpp
# automatic
# ^ := src/bitfield.cpp
# automatic
# ? := src/bitfield.cpp
# variable set hash-table stats:
# Load=8/32=25%, Rehash=0, Collisions=1/14=7%
#  commands to execute (from `Makefile', line 45):
	$(CC) $(CCOBJFLAGS) -o $@ $<
	

# Not a target:
.DEFAULT:
#  Implicit rule search has not been done.
#  Modification time never checked.
#  File has not been updated.

debug/tempctrl: debug/bitfield.o debug/button.o debug/buttonManager.o debug/buttonSubscriber.o debug/common.o debug/dataManager.o debug/lcdScreen.o debug/main.o debug/pidProcessor.o debug/pwmController.o debug/thermocoupleReceiver.o
#  Implicit rule search has not been done.
#  Modification time never checked.
#  File has not been updated.
#  commands to execute (from `Makefile', line 51):
	$(CC) $(CCFLAGS) $(DBGFLAGS) $(OBJ_DEBUG) -o $@
	

makedir:
#  Phony target (prerequisite of .PHONY).
#  Implicit rule search has not been done.
#  File does not exist.
#  File has not been updated.
#  commands to execute (from `Makefile', line 56):
	@mkdir -p $(BIN_PATH) $(OBJ_PATH) $(DBG_PATH)
	

clean:
#  Phony target (prerequisite of .PHONY).
#  Implicit rule search has not been done.
#  File does not exist.
#  File has not been updated.
#  commands to execute (from `Makefile', line 66):
	@echo CLEAN $(CLEAN_LIST)
	@rm -f $(CLEAN_LIST)
	

# Not a target:
debug/common.o:
#  Implicit rule search has not been done.
#  Modification time never checked.
#  File has not been updated.

# Not a target:
obj/pidProcessor.o:
#  Implicit rule search has not been done.
#  Modification time never checked.
#  File has not been updated.

# Not a target:
obj/thermocoupleReceiver.o:
#  Implicit rule search has not been done.
#  Modification time never checked.
#  File has not been updated.

# Not a target:
obj/common.o:
#  Implicit rule search has not been done.
#  Modification time never checked.
#  File has not been updated.

# files hash-table stats:
# Load=35/1024=3%, Rehash=0, Collisions=0/86=0%
# VPATH Search Paths

# No `vpath' search paths.

# No general (`VPATH' variable) search path.

# # of strings in strcache: 1
# # of strcache buffers: 1
# strcache size: total = 4096 / max = 4096 / min = 4096 / avg = 4096
# strcache free: total = 4087 / max = 4087 / min = 4087 / avg = 4087

# Finished Make data base on Mon Jan  9 21:13:35 2023

 
